[INFO] Scanning for projects...
[INFO] 
[INFO] ----------------------< com.ezbar:ezbar-backend >-----------------------
[INFO] Building EZBar Backend 1.0.0
[INFO]   from pom.xml
[INFO] --------------------------------[ jar ]---------------------------------
[INFO] 
[INFO] --- resources:3.3.1:resources (default-resources) @ ezbar-backend ---
[INFO] Copying 1 resource from src\main\resources to target\classes
[INFO] Copying 4 resources from src\main\resources to target\classes
[INFO] 
[INFO] --- compiler:3.11.0:compile (default-compile) @ ezbar-backend ---
[INFO] Changes detected - recompiling the module! :source
[INFO] Compiling 38 source files with javac [debug release 17] to target\classes
[INFO] 
[INFO] --- resources:3.3.1:testResources (default-testResources) @ ezbar-backend ---
[INFO] skip non existing resourceDirectory C:\Users\Mig\Desktop\tfg\EZBar_Backend\src\test\resources
[INFO] 
[INFO] --- compiler:3.11.0:testCompile (default-testCompile) @ ezbar-backend ---
[INFO] No sources to compile
[INFO] 
[INFO] --- surefire:3.1.2:test (default-test) @ ezbar-backend ---
[INFO] Tests are skipped.
[INFO] 
[INFO] --- jar:3.3.0:jar (default-jar) @ ezbar-backend ---
[INFO] Building jar: C:\Users\Mig\Desktop\tfg\EZBar_Backend\target\ezbar-backend-1.0.0.jar
[INFO] 
[INFO] --- spring-boot:3.2.0:repackage (repackage) @ ezbar-backend ---
[INFO] Replacing main artifact C:\Users\Mig\Desktop\tfg\EZBar_Backend\target\ezbar-backend-1.0.0.jar with repackaged archive, adding nested dependencies in BOOT-INF/.
[INFO] The original artifact has been renamed to C:\Users\Mig\Desktop\tfg\EZBar_Backend\target\ezbar-backend-1.0.0.jar.original
[INFO] ------------------------------------------------------------------------
[INFO] BUILD SUCCESS
[INFO] ------------------------------------------------------------------------
[INFO] Total time:  10.035 s
[INFO] Finished at: 2025-12-15T20:13:50+01:00
[INFO] ------------------------------------------------------------------------
