[INFO] Scanning for projects...
[INFO] 
[INFO] ----------------------< com.ezbar:ezbar-backend >-----------------------
[INFO] Building EZBar Backend 1.0.0
[INFO]   from pom.xml
[INFO] --------------------------------[ jar ]---------------------------------
[INFO] 
[INFO] >>> spring-boot:3.2.0:run (default-cli) > test-compile @ ezbar-backend >>>
[INFO] 
[INFO] --- resources:3.3.1:resources (default-resources) @ ezbar-backend ---
[INFO] Copying 1 resource from src\main\resources to target\classes
[INFO] Copying 4 resources from src\main\resources to target\classes
[INFO] 
[INFO] --- compiler:3.11.0:compile (default-compile) @ ezbar-backend ---
[INFO] Nothing to compile - all classes are up to date
[INFO] 
[INFO] --- resources:3.3.1:testResources (default-testResources) @ ezbar-backend ---
[INFO] skip non existing resourceDirectory C:\Users\Mig\Desktop\tfg\EZBar_Backend\src\test\resources
[INFO] 
[INFO] --- compiler:3.11.0:testCompile (default-testCompile) @ ezbar-backend ---
[INFO] No sources to compile
[INFO] 
[INFO] <<< spring-boot:3.2.0:run (default-cli) < test-compile @ ezbar-backend <<<
[INFO] 
[INFO] 
[INFO] --- spring-boot:3.2.0:run (default-cli) @ ezbar-backend ---
[INFO] Attaching agents: []

  .   ____          _            __ _ _
 /\\ / ___'_ __ _ _(_)_ __  __ _ \ \ \ \
( ( )\___ | '_ | '_| | '_ \/ _` | \ \ \ \
 \\/  ___)| |_)| | | | | || (_| |  ) ) ) )
  '  |____| .__|_| |_|_| |_\__, | / / / /
 =========|_|==============|___/=/_/_/_/
 :: Spring Boot ::                (v3.2.0)

2025-12-15T23:07:29.697+01:00  INFO 36044 --- [EZBar Backend API] [  restartedMain] com.ezbar.Main                           : Starting Main using Java 17.0.13 with PID 36044 (C:\Users\Mig\Desktop\tfg\EZBar_Backend\target\classes started by Mig in C:\Users\Mig\Desktop\tfg\EZBar_Backend)
2025-12-15T23:07:29.701+01:00 DEBUG 36044 --- [EZBar Backend API] [  restartedMain] com.ezbar.Main                           : Running with Spring Boot v3.2.0, Spring v6.1.1
2025-12-15T23:07:29.702+01:00  INFO 36044 --- [EZBar Backend API] [  restartedMain] com.ezbar.Main                           : No active profile set, falling back to 1 default profile: "default"
2025-12-15T23:07:29.787+01:00  INFO 36044 --- [EZBar Backend API] [  restartedMain] .e.DevToolsPropertyDefaultsPostProcessor : Devtools property defaults active! Set 'spring.devtools.add-properties' to 'false' to disable
2025-12-15T23:07:29.787+01:00  INFO 36044 --- [EZBar Backend API] [  restartedMain] .e.DevToolsPropertyDefaultsPostProcessor : For additional web related logging consider setting the 'logging.level.web' property to 'DEBUG'
2025-12-15T23:07:30.683+01:00  INFO 36044 --- [EZBar Backend API] [  restartedMain] .s.d.r.c.RepositoryConfigurationDelegate : Bootstrapping Spring Data JPA repositories in DEFAULT mode.
2025-12-15T23:07:30.784+01:00  INFO 36044 --- [EZBar Backend API] [  restartedMain] .s.d.r.c.RepositoryConfigurationDelegate : Finished Spring Data repository scanning in 89 ms. Found 11 JPA repository interfaces.
2025-12-15T23:07:32.404+01:00  INFO 36044 --- [EZBar Backend API] [  restartedMain] o.s.b.w.embedded.tomcat.TomcatWebServer  : Tomcat initialized with port 8080 (http)
2025-12-15T23:07:32.419+01:00  INFO 36044 --- [EZBar Backend API] [  restartedMain] o.apache.catalina.core.StandardService   : Starting service [Tomcat]
2025-12-15T23:07:32.419+01:00  INFO 36044 --- [EZBar Backend API] [  restartedMain] o.apache.catalina.core.StandardEngine    : Starting Servlet engine: [Apache Tomcat/10.1.16]
2025-12-15T23:07:32.509+01:00  INFO 36044 --- [EZBar Backend API] [  restartedMain] o.a.c.c.C.[Tomcat].[localhost].[/api]    : Initializing Spring embedded WebApplicationContext
2025-12-15T23:07:32.511+01:00  INFO 36044 --- [EZBar Backend API] [  restartedMain] w.s.c.ServletWebServerApplicationContext : Root WebApplicationContext: initialization completed in 2722 ms
2025-12-15T23:07:33.019+01:00  INFO 36044 --- [EZBar Backend API] [  restartedMain] o.hibernate.jpa.internal.util.LogHelper  : HHH000204: Processing PersistenceUnitInfo [name: default]
2025-12-15T23:07:33.114+01:00  INFO 36044 --- [EZBar Backend API] [  restartedMain] org.hibernate.Version                    : HHH000412: Hibernate ORM core version 6.3.1.Final
2025-12-15T23:07:33.173+01:00  INFO 36044 --- [EZBar Backend API] [  restartedMain] o.h.c.internal.RegionFactoryInitiator    : HHH000026: Second-level cache disabled
2025-12-15T23:07:33.520+01:00  INFO 36044 --- [EZBar Backend API] [  restartedMain] o.s.o.j.p.SpringPersistenceUnitInfo      : No LoadTimeWeaver setup: ignoring JPA class transformer
2025-12-15T23:07:33.556+01:00  INFO 36044 --- [EZBar Backend API] [  restartedMain] com.zaxxer.hikari.HikariDataSource       : HikariPool-1 - Starting...
2025-12-15T23:07:33.680+01:00  INFO 36044 --- [EZBar Backend API] [  restartedMain] com.zaxxer.hikari.pool.HikariPool        : HikariPool-1 - Added connection org.mariadb.jdbc.Connection@d4309c6
2025-12-15T23:07:33.683+01:00  INFO 36044 --- [EZBar Backend API] [  restartedMain] com.zaxxer.hikari.HikariDataSource       : HikariPool-1 - Start completed.
2025-12-15T23:07:33.722+01:00  WARN 36044 --- [EZBar Backend API] [  restartedMain] org.hibernate.orm.deprecation            : HHH90000025: MariaDBDialect does not need to be specified explicitly using 'hibernate.dialect' (remove the property setting and it will be selected by default)
2025-12-15T23:07:35.116+01:00  INFO 36044 --- [EZBar Backend API] [  restartedMain] o.h.e.t.j.p.i.JtaPlatformInitiator       : HHH000489: No JTA platform available (set 'hibernate.transaction.jta.platform' to enable JTA platform integration)
2025-12-15T23:07:35.214+01:00  INFO 36044 --- [EZBar Backend API] [  restartedMain] j.LocalContainerEntityManagerFactoryBean : Initialized JPA EntityManagerFactory for persistence unit 'default'
2025-12-15T23:07:35.934+01:00  INFO 36044 --- [EZBar Backend API] [  restartedMain] o.s.d.j.r.query.QueryEnhancerFactory     : Hibernate is in classpath; If applicable, HQL parser will be used.
2025-12-15T23:07:36.668+01:00  WARN 36044 --- [EZBar Backend API] [  restartedMain] JpaBaseConfiguration$JpaWebConfiguration : spring.jpa.open-in-view is enabled by default. Therefore, database queries may be performed during view rendering. Explicitly configure spring.jpa.open-in-view to disable this warning
2025-12-15T23:07:37.769+01:00  WARN 36044 --- [EZBar Backend API] [  restartedMain] o.s.b.d.a.OptionalLiveReloadServer       : Unable to start LiveReload server
2025-12-15T23:07:37.783+01:00  INFO 36044 --- [EZBar Backend API] [  restartedMain] o.s.b.a.e.web.EndpointLinksResolver      : Exposing 1 endpoint(s) beneath base path '/actuator'
2025-12-15T23:07:37.884+01:00  WARN 36044 --- [EZBar Backend API] [  restartedMain] ConfigServletWebServerApplicationContext : Exception encountered during context initialization - cancelling refresh attempt: org.springframework.context.ApplicationContextException: Failed to start bean 'webServerStartStop'
2025-12-15T23:07:37.887+01:00  INFO 36044 --- [EZBar Backend API] [  restartedMain] j.LocalContainerEntityManagerFactoryBean : Closing JPA EntityManagerFactory for persistence unit 'default'
2025-12-15T23:07:37.891+01:00  INFO 36044 --- [EZBar Backend API] [  restartedMain] com.zaxxer.hikari.HikariDataSource       : HikariPool-1 - Shutdown initiated...
2025-12-15T23:07:37.899+01:00  INFO 36044 --- [EZBar Backend API] [  restartedMain] com.zaxxer.hikari.HikariDataSource       : HikariPool-1 - Shutdown completed.
2025-12-15T23:07:37.926+01:00  INFO 36044 --- [EZBar Backend API] [  restartedMain] .s.b.a.l.ConditionEvaluationReportLogger : 

Error starting ApplicationContext. To display the condition evaluation report re-run your application with 'debug' enabled.
2025-12-15T23:07:37.952+01:00 ERROR 36044 --- [EZBar Backend API] [  restartedMain] o.s.b.d.LoggingFailureAnalysisReporter   : 

***************************
APPLICATION FAILED TO START
***************************

Description:

Web server failed to start. Port 8080 was already in use.

Action:

Identify and stop the process that's listening on port 8080 or configure this application to listen on another port.

[INFO] ------------------------------------------------------------------------
[INFO] BUILD SUCCESS
[INFO] ------------------------------------------------------------------------
[INFO] Total time:  12.248 s
[INFO] Finished at: 2025-12-15T23:07:38+01:00
[INFO] ------------------------------------------------------------------------
