2026-01-19T16:34:42.280+01:00  INFO 12036 --- [EZBar Backend API] [main] com.ezbar.Main                           : Starting Main v1.0.0 using Java 17.0.13 with PID 12036 (C:\Users\Mig\Desktop\tfg\EZBar_Backend\target\ezbar-backend-1.0.0.jar started by Mig in C:\Users\Mig\Desktop\tfg\EZBar_Backend)
2026-01-19T16:34:42.286+01:00 DEBUG 12036 --- [EZBar Backend API] [main] com.ezbar.Main                           : Running with Spring Boot v3.2.0, Spring v6.1.1
2026-01-19T16:34:42.287+01:00  INFO 12036 --- [EZBar Backend API] [main] com.ezbar.Main                           : No active profile set, falling back to 1 default profile: "default"
2026-01-19T16:34:43.735+01:00  INFO 12036 --- [EZBar Backend API] [main] .s.d.r.c.RepositoryConfigurationDelegate : Bootstrapping Spring Data JPA repositories in DEFAULT mode.
2026-01-19T16:34:43.886+01:00  INFO 12036 --- [EZBar Backend API] [main] .s.d.r.c.RepositoryConfigurationDelegate : Finished Spring Data repository scanning in 132 ms. Found 11 JPA repository interfaces.
2026-01-19T16:34:46.659+01:00  INFO 12036 --- [EZBar Backend API] [main] o.s.b.w.embedded.tomcat.TomcatWebServer  : Tomcat initialized with port 8080 (http)
2026-01-19T16:34:46.686+01:00  INFO 12036 --- [EZBar Backend API] [main] o.apache.catalina.core.StandardService   : Starting service [Tomcat]
2026-01-19T16:34:46.687+01:00  INFO 12036 --- [EZBar Backend API] [main] o.apache.catalina.core.StandardEngine    : Starting Servlet engine: [Apache Tomcat/10.1.16]
2026-01-19T16:34:46.815+01:00  INFO 12036 --- [EZBar Backend API] [main] o.a.c.c.C.[Tomcat].[localhost].[/api]    : Initializing Spring embedded WebApplicationContext
2026-01-19T16:34:46.816+01:00  INFO 12036 --- [EZBar Backend API] [main] w.s.c.ServletWebServerApplicationContext : Root WebApplicationContext: initialization completed in 4316 ms
2026-01-19T16:34:48.033+01:00  INFO 12036 --- [EZBar Backend API] [main] o.hibernate.jpa.internal.util.LogHelper  : HHH000204: Processing PersistenceUnitInfo [name: default]
2026-01-19T16:34:48.462+01:00  INFO 12036 --- [EZBar Backend API] [main] org.hibernate.Version                    : HHH000412: Hibernate ORM core version 6.3.1.Final
2026-01-19T16:34:48.798+01:00  INFO 12036 --- [EZBar Backend API] [main] o.h.c.internal.RegionFactoryInitiator    : HHH000026: Second-level cache disabled
2026-01-19T16:34:49.797+01:00  INFO 12036 --- [EZBar Backend API] [main] o.s.o.j.p.SpringPersistenceUnitInfo      : No LoadTimeWeaver setup: ignoring JPA class transformer
2026-01-19T16:34:49.944+01:00  INFO 12036 --- [EZBar Backend API] [main] com.zaxxer.hikari.HikariDataSource       : HikariPool-1 - Starting...
2026-01-19T16:34:50.397+01:00  INFO 12036 --- [EZBar Backend API] [main] com.zaxxer.hikari.pool.HikariPool        : HikariPool-1 - Added connection org.mariadb.jdbc.Connection@59b98ad1
2026-01-19T16:34:50.403+01:00  INFO 12036 --- [EZBar Backend API] [main] com.zaxxer.hikari.HikariDataSource       : HikariPool-1 - Start completed.
2026-01-19T16:34:50.493+01:00  WARN 12036 --- [EZBar Backend API] [main] org.hibernate.orm.deprecation            : HHH90000025: MariaDBDialect does not need to be specified explicitly using 'hibernate.dialect' (remove the property setting and it will be selected by default)
2026-01-19T16:34:52.603+01:00  INFO 12036 --- [EZBar Backend API] [main] o.h.e.t.j.p.i.JtaPlatformInitiator       : HHH000489: No JTA platform available (set 'hibernate.transaction.jta.platform' to enable JTA platform integration)
2026-01-19T16:34:52.743+01:00  INFO 12036 --- [EZBar Backend API] [main] j.LocalContainerEntityManagerFactoryBean : Initialized JPA EntityManagerFactory for persistence unit 'default'
2026-01-19T16:34:54.770+01:00  INFO 12036 --- [EZBar Backend API] [main] o.s.d.j.r.query.QueryEnhancerFactory     : Hibernate is in classpath; If applicable, HQL parser will be used.
2026-01-19T16:34:57.033+01:00  WARN 12036 --- [EZBar Backend API] [main] JpaBaseConfiguration$JpaWebConfiguration : spring.jpa.open-in-view is enabled by default. Therefore, database queries may be performed during view rendering. Explicitly configure spring.jpa.open-in-view to disable this warning
2026-01-19T16:34:59.612+01:00  INFO 12036 --- [EZBar Backend API] [main] o.s.b.a.e.web.EndpointLinksResolver      : Exposing 1 endpoint(s) beneath base path '/actuator'
2026-01-19T16:34:59.793+01:00  INFO 12036 --- [EZBar Backend API] [main] o.s.b.w.embedded.tomcat.TomcatWebServer  : Tomcat started on port 8080 (http) with context path '/api'
2026-01-19T16:34:59.828+01:00  INFO 12036 --- [EZBar Backend API] [main] com.ezbar.Main                           : Started Main in 18.874 seconds (process running for 20.005)
2026-01-19T16:34:59.883+01:00  INFO 12036 --- [EZBar Backend API] [SpringApplicationShutdownHook] j.LocalContainerEntityManagerFactoryBean : Closing JPA EntityManagerFactory for persistence unit 'default'
2026-01-19T16:34:59.889+01:00  INFO 12036 --- [EZBar Backend API] [SpringApplicationShutdownHook] com.zaxxer.hikari.HikariDataSource       : HikariPool-1 - Shutdown initiated...
2026-01-19T16:34:59.901+01:00  INFO 12036 --- [EZBar Backend API] [SpringApplicationShutdownHook] com.zaxxer.hikari.HikariDataSource       : HikariPool-1 - Shutdown completed.
